<?xml version="1.0" encoding="UTF-8"?>
<testng-results skipped="0" failed="0" ignored="0" total="2" passed="2">
  <reporter-output>
  </reporter-output>
  <suite name="Default suite" duration-ms="88778" started-at="2018-02-14T18:13:47Z" finished-at="2018-02-14T18:15:16Z">
    <groups>
    </groups>
    <test name="Default test" duration-ms="88778" started-at="2018-02-14T18:13:47Z" finished-at="2018-02-14T18:15:16Z">
      <class name="testcases.TS005_Duplicatelead">
        <test-method status="PASS" signature="beforeSuite()[pri:0, instance:testcases.TS005_Duplicatelead@1dc339b]" name="beforeSuite" is-config="true" duration-ms="750" started-at="2018-02-14T18:13:46Z" finished-at="2018-02-14T18:13:47Z">
          <reporter-output>
          </reporter-output>
        </test-method> <!-- beforeSuite -->
        <test-method status="PASS" signature="setData()[pri:0, instance:testcases.TS005_Duplicatelead@1dc339b]" name="setData" is-config="true" duration-ms="0" started-at="2018-02-14T18:13:47Z" finished-at="2018-02-14T18:13:47Z">
          <reporter-output>
          </reporter-output>
        </test-method> <!-- setData -->
        <test-method status="PASS" signature="beforeTest()[pri:0, instance:testcases.TS005_Duplicatelead@1dc339b]" name="beforeTest" is-config="true" duration-ms="0" started-at="2018-02-14T18:13:47Z" finished-at="2018-02-14T18:13:47Z">
          <reporter-output>
          </reporter-output>
        </test-method> <!-- beforeTest -->
        <test-method status="PASS" signature="beforeMethod()[pri:0, instance:testcases.TS005_Duplicatelead@1dc339b]" name="beforeMethod" is-config="true" duration-ms="9245" started-at="2018-02-14T18:13:48Z" finished-at="2018-02-14T18:13:57Z">
          <reporter-output>
          </reporter-output>
        </test-method> <!-- beforeMethod -->
        <test-method status="PASS" signature="editlead(java.lang.String, java.lang.String, java.lang.String)[pri:0, instance:testcases.TS005_Duplicatelead@1dc339b]" name="editlead" duration-ms="34152" started-at="2018-02-14T18:13:57Z" data-provider="fetchData" finished-at="2018-02-14T18:14:31Z">
          <params>
            <param index="0">
              <value>
                <![CDATA[DemoSalesManager]]>
              </value>
            </param>
            <param index="1">
              <value>
                <![CDATA[crmsfa]]>
              </value>
            </param>
            <param index="2">
              <value>
                <![CDATA[testleaf@gmail.com]]>
              </value>
            </param>
          </params>
          <reporter-output>
          </reporter-output>
        </test-method> <!-- editlead -->
        <test-method status="PASS" signature="afterMethod()[pri:0, instance:testcases.TS005_Duplicatelead@1dc339b]" name="afterMethod" is-config="true" duration-ms="825" started-at="2018-02-14T18:14:31Z" finished-at="2018-02-14T18:14:32Z">
          <reporter-output>
          </reporter-output>
        </test-method> <!-- afterMethod -->
        <test-method status="PASS" signature="beforeMethod()[pri:0, instance:testcases.TS005_Duplicatelead@1dc339b]" name="beforeMethod" is-config="true" duration-ms="8784" started-at="2018-02-14T18:14:32Z" finished-at="2018-02-14T18:14:41Z">
          <reporter-output>
          </reporter-output>
        </test-method> <!-- beforeMethod -->
        <test-method status="PASS" signature="editlead(java.lang.String, java.lang.String, java.lang.String)[pri:0, instance:testcases.TS005_Duplicatelead@1dc339b]" name="editlead" duration-ms="34035" started-at="2018-02-14T18:14:41Z" data-provider="fetchData" finished-at="2018-02-14T18:15:15Z">
          <params>
            <param index="0">
              <value>
                <![CDATA[DemoSalesManager]]>
              </value>
            </param>
            <param index="1">
              <value>
                <![CDATA[crmsfa]]>
              </value>
            </param>
            <param index="2">
              <value>
                <![CDATA[gfgfg@gmail.com]]>
              </value>
            </param>
          </params>
          <reporter-output>
          </reporter-output>
        </test-method> <!-- editlead -->
        <test-method status="PASS" signature="afterMethod()[pri:0, instance:testcases.TS005_Duplicatelead@1dc339b]" name="afterMethod" is-config="true" duration-ms="804" started-at="2018-02-14T18:15:15Z" finished-at="2018-02-14T18:15:16Z">
          <reporter-output>
          </reporter-output>
        </test-method> <!-- afterMethod -->
        <test-method status="PASS" signature="afterTest()[pri:0, instance:testcases.TS005_Duplicatelead@1dc339b]" name="afterTest" is-config="true" duration-ms="0" started-at="2018-02-14T18:15:16Z" finished-at="2018-02-14T18:15:16Z">
          <reporter-output>
          </reporter-output>
        </test-method> <!-- afterTest -->
        <test-method status="PASS" signature="afterSuite()[pri:0, instance:testcases.TS005_Duplicatelead@1dc339b]" name="afterSuite" is-config="true" duration-ms="672" started-at="2018-02-14T18:15:16Z" finished-at="2018-02-14T18:15:17Z">
          <reporter-output>
          </reporter-output>
        </test-method> <!-- afterSuite -->
      </class> <!-- testcases.TS005_Duplicatelead -->
    </test> <!-- Default test -->
  </suite> <!-- Default suite -->
</testng-results>
